TN:
SF:/Users/apple/Desktop/way-Farer/server/index.js
FN:19,(anonymous_1)
FN:24,(anonymous_2)
FNF:2
FNH:1
FNDA:0,(anonymous_1)
FNDA:1,(anonymous_2)
DA:1,1
DA:2,1
DA:3,1
DA:4,1
DA:5,1
DA:7,1
DA:9,1
DA:11,1
DA:12,1
DA:13,1
DA:14,1
DA:15,1
DA:18,1
DA:19,1
DA:24,1
LF:15
LH:15
BRDA:14,0,0,1
BRDA:14,0,1,1
BRF:2
BRH:2
end_of_record
TN:
SF:/Users/apple/Desktop/way-Farer/server/controllers/book.js
FN:23,bookSeat
FN:64,getAllBookings
FN:90,numberOfSeat
FN:115,deleteBooking
FNF:4
FNH:0
FNDA:0,bookSeat
FNDA:0,getAllBookings
FNDA:0,numberOfSeat
FNDA:0,deleteBooking
DA:1,1
DA:2,1
DA:3,1
DA:4,1
DA:5,1
DA:6,1
DA:12,1
DA:23,0
DA:25,0
DA:33,0
DA:34,0
DA:36,0
DA:37,0
DA:39,0
DA:46,0
DA:47,0
DA:48,0
DA:50,0
DA:51,0
DA:53,0
DA:55,0
DA:65,0
DA:66,0
DA:67,0
DA:68,0
DA:69,0
DA:71,0
DA:80,0
DA:83,0
DA:84,0
DA:85,0
DA:87,0
DA:90,0
DA:91,0
DA:93,0
DA:95,0
DA:96,0
DA:98,0
DA:99,0
DA:100,0
DA:101,0
DA:102,0
DA:104,0
DA:107,0
DA:109,0
DA:115,0
DA:116,0
DA:118,0
DA:120,0
DA:121,0
DA:123,0
DA:124,0
DA:125,0
DA:126,0
DA:127,0
DA:128,0
DA:131,0
DA:133,0
DA:135,0
LF:59
LH:7
BRDA:37,0,0,0
BRDA:37,0,1,0
BRDA:47,1,0,0
BRDA:47,1,1,0
BRDA:51,2,0,0
BRDA:51,2,1,0
BRDA:84,3,0,0
BRDA:84,3,1,0
BRDA:96,4,0,0
BRDA:96,4,1,0
BRDA:98,5,0,0
BRDA:98,5,1,0
BRDA:102,6,0,0
BRDA:102,6,1,0
BRDA:121,7,0,0
BRDA:121,7,1,0
BRDA:123,8,0,0
BRDA:123,8,1,0
BRDA:125,9,0,0
BRDA:125,9,1,0
BRDA:127,10,0,0
BRDA:127,10,1,0
BRF:22
BRH:0
end_of_record
TN:
SF:/Users/apple/Desktop/way-Farer/server/controllers/trip.js
FN:15,trip
FN:57,getAllTrip
FN:74,getSpecificTrip
FN:93,filterTrips
FN:117,cancelTrip
FN:141,activeTrip
FNF:6
FNH:0
FNDA:0,trip
FNDA:0,getAllTrip
FNDA:0,getSpecificTrip
FNDA:0,filterTrips
FNDA:0,cancelTrip
FNDA:0,activeTrip
DA:2,1
DA:3,1
DA:4,1
DA:5,1
DA:15,0
DA:16,0
DA:27,0
DA:28,0
DA:29,0
DA:31,0
DA:32,0
DA:35,0
DA:41,0
DA:42,0
DA:44,0
DA:46,0
DA:47,0
DA:49,0
DA:51,0
DA:57,0
DA:58,0
DA:61,0
DA:62,0
DA:63,0
DA:65,0
DA:67,0
DA:69,0
DA:74,0
DA:75,0
DA:76,0
DA:78,0
DA:79,0
DA:82,0
DA:83,0
DA:85,0
DA:88,0
DA:93,0
DA:94,0
DA:95,0
DA:98,0
DA:99,0
DA:100,0
DA:101,0
DA:102,0
DA:103,0
DA:108,0
DA:110,0
DA:117,0
DA:118,0
DA:120,0
DA:122,0
DA:124,0
DA:125,0
DA:126,0
DA:127,0
DA:128,0
DA:131,0
DA:134,0
DA:141,0
DA:142,0
DA:144,0
DA:146,0
DA:148,0
DA:149,0
DA:150,0
DA:151,0
DA:152,0
DA:154,0
DA:157,0
LF:69
LH:4
BRDA:32,0,0,0
BRDA:32,0,1,0
BRDA:32,1,0,0
BRDA:32,1,1,0
BRDA:32,1,2,0
BRDA:32,1,3,0
BRDA:42,2,0,0
BRDA:42,2,1,0
BRDA:47,3,0,0
BRDA:47,3,1,0
BRDA:62,4,0,0
BRDA:62,4,1,0
BRDA:63,5,0,0
BRDA:63,5,1,0
BRDA:78,6,0,0
BRDA:78,6,1,0
BRDA:83,7,0,0
BRDA:83,7,1,0
BRDA:95,8,0,0
BRDA:95,8,1,0
BRDA:101,9,0,0
BRDA:101,9,1,0
BRDA:102,10,0,0
BRDA:102,10,1,0
BRDA:124,11,0,0
BRDA:124,11,1,0
BRDA:128,12,0,0
BRDA:128,12,1,0
BRDA:148,13,0,0
BRDA:148,13,1,0
BRDA:152,14,0,0
BRDA:152,14,1,0
BRF:32
BRH:0
end_of_record
TN:
SF:/Users/apple/Desktop/way-Farer/server/controllers/user.js
FN:17,registerUser
FN:49,login
FNF:2
FNH:0
FNDA:0,registerUser
FNDA:0,login
DA:1,1
DA:2,1
DA:3,1
DA:4,1
DA:5,1
DA:7,1
DA:9,1
DA:17,0
DA:19,0
DA:25,0
DA:28,0
DA:29,0
DA:33,0
DA:34,0
DA:36,0
DA:40,0
DA:41,0
DA:42,0
DA:43,0
DA:49,0
DA:52,0
DA:53,0
DA:57,0
DA:60,0
DA:63,0
DA:64,0
DA:65,0
DA:66,0
DA:77,0
LF:29
LH:7
BRDA:28,0,0,0
BRDA:28,0,1,0
BRDA:34,1,0,0
BRDA:34,1,1,0
BRDA:60,2,0,0
BRDA:60,2,1,0
BRDA:63,3,0,0
BRDA:63,3,1,0
BRF:8
BRH:0
end_of_record
TN:
SF:/Users/apple/Desktop/way-Farer/server/helpers/DbHelper.js
FN:18,query
FN:30,queryAll
FN:39,findAll
FN:48,findOne
FN:58,insert
FN:66,deleteItem
FN:75,buildInsert
FN:80,(anonymous_14)
FN:94,update
FN:105,buildUpdate
FN:107,(anonymous_17)
FNF:11
FNH:1
FNDA:1,query
FNDA:0,queryAll
FNDA:0,findAll
FNDA:0,findOne
FNDA:0,insert
FNDA:0,deleteItem
FNDA:0,buildInsert
FNDA:0,(anonymous_14)
FNDA:0,update
FNDA:0,buildUpdate
FNDA:0,(anonymous_17)
DA:1,1
DA:2,1
DA:3,1
DA:5,1
DA:8,1
DA:10,1
DA:11,1
DA:19,1
DA:20,1
DA:21,0
DA:22,0
DA:23,0
DA:25,0
DA:31,0
DA:32,0
DA:33,0
DA:35,0
DA:40,0
DA:41,0
DA:42,0
DA:44,0
DA:49,0
DA:50,0
DA:51,0
DA:53,0
DA:60,0
DA:61,0
DA:62,0
DA:67,0
DA:68,0
DA:69,0
DA:71,0
DA:76,0
DA:77,0
DA:78,0
DA:79,0
DA:80,0
DA:81,0
DA:82,0
DA:83,0
DA:85,0
DA:86,0
DA:90,0
DA:95,0
DA:97,0
DA:98,0
DA:99,0
DA:101,0
DA:106,0
DA:107,0
DA:108,0
DA:110,0
LF:52
LH:9
BRDA:31,0,0,0
BRDA:31,0,1,0
BRDA:40,1,0,0
BRDA:40,1,1,0
BRDA:40,2,0,0
BRDA:40,2,1,0
BRDA:40,2,2,0
BRDA:49,3,0,0
BRDA:49,3,1,0
BRDA:49,4,0,0
BRDA:49,4,1,0
BRDA:49,4,2,0
BRDA:67,5,0,0
BRDA:67,5,1,0
BRDA:67,6,0,0
BRDA:67,6,1,0
BRDA:67,6,2,0
BRDA:95,7,0,0
BRDA:95,7,1,0
BRDA:95,8,0,0
BRDA:95,8,1,0
BRDA:95,8,2,0
BRDA:95,8,3,0
BRF:23
BRH:0
end_of_record
TN:
SF:/Users/apple/Desktop/way-Farer/server/helpers/index.js
FN:19,generateToken
FN:26,jwtVerifiy
FN:33,verifyToken
FN:50,encryptPass
FN:53,checkPassword
FN:58,findQueryByDestination
FN:60,(anonymous_10)
FN:64,findQueryByOrigin
FN:65,(anonymous_12)
FN:69,findUserById
FN:78,findTripById
FN:90,makeUserAdmin
FN:111,invalidDataMessage
FNF:13
FNH:0
FNDA:0,generateToken
FNDA:0,jwtVerifiy
FNDA:0,verifyToken
FNDA:0,encryptPass
FNDA:0,checkPassword
FNDA:0,findQueryByDestination
FNDA:0,(anonymous_10)
FNDA:0,findQueryByOrigin
FNDA:0,(anonymous_12)
FNDA:0,findUserById
FNDA:0,findTripById
FNDA:0,makeUserAdmin
FNDA:0,invalidDataMessage
DA:1,1
DA:2,1
DA:3,1
DA:4,1
DA:5,1
DA:6,1
DA:7,1
DA:10,1
DA:19,1
DA:20,0
DA:21,0
DA:26,1
DA:27,0
DA:28,0
DA:33,1
DA:34,0
DA:35,0
DA:36,0
DA:37,0
DA:38,0
DA:39,0
DA:40,0
DA:43,0
DA:50,1
DA:53,1
DA:54,0
DA:58,1
DA:60,0
DA:61,0
DA:64,1
DA:65,0
DA:66,0
DA:69,1
DA:70,0
DA:71,0
DA:72,0
DA:73,0
DA:76,0
DA:78,1
DA:80,0
DA:82,0
DA:83,0
DA:84,0
DA:87,0
DA:90,1
DA:91,0
DA:93,0
DA:95,0
DA:97,0
DA:98,0
DA:99,0
DA:100,0
DA:101,0
DA:103,0
DA:104,0
DA:107,0
DA:111,1
DA:112,0
DA:113,0
DA:114,0
DA:116,0
LF:61
LH:19
BRDA:35,0,0,0
BRDA:35,0,1,0
BRDA:36,1,0,0
BRDA:36,1,1,0
BRDA:39,2,0,0
BRDA:39,2,1,0
BRDA:72,3,0,0
BRDA:72,3,1,0
BRDA:83,4,0,0
BRDA:83,4,1,0
BRDA:97,5,0,0
BRDA:97,5,1,0
BRDA:101,6,0,0
BRDA:101,6,1,0
BRF:14
BRH:0
end_of_record
TN:
SF:/Users/apple/Desktop/way-Farer/server/helpers/responseHandle.js
FN:2,response
FNF:1
FNH:0
FNDA:0,response
DA:2,0
DA:3,0
DA:4,0
DA:10,0
DA:11,0
DA:17,0
LF:6
LH:0
BRDA:2,0,0,0
BRDA:2,0,1,0
BRDA:2,1,0,0
BRDA:2,1,1,0
BRDA:2,2,0,0
BRDA:2,2,1,0
BRDA:3,3,0,0
BRDA:3,3,1,0
BRDA:10,4,0,0
BRDA:10,4,1,0
BRF:10
BRH:0
end_of_record
TN:
SF:/Users/apple/Desktop/way-Farer/server/middleware/is_admin.js
FN:8,isAdmin
FN:19,(anonymous_2)
FNF:2
FNH:0
FNDA:0,isAdmin
FNDA:0,(anonymous_2)
DA:1,1
DA:2,1
DA:3,1
DA:5,1
DA:8,1
DA:9,0
DA:10,0
DA:11,0
DA:12,0
DA:14,0
DA:15,0
DA:16,0
DA:18,0
DA:19,0
DA:20,0
DA:21,0
DA:22,0
DA:24,0
DA:33,0
DA:36,0
LF:20
LH:5
BRDA:10,0,0,0
BRDA:10,0,1,0
BRDA:15,1,0,0
BRDA:15,1,1,0
BRDA:20,2,0,0
BRDA:20,2,1,0
BRDA:21,3,0,0
BRDA:21,3,1,0
BRF:8
BRH:0
end_of_record
TN:
SF:/Users/apple/Desktop/way-Farer/server/middleware/validation.js
FN:8,createTripValidator
FN:46,bookSeatValidator
FN:59,userValidator
FN:92,checkValidator
FN:97,(anonymous_11)
FNF:5
FNH:0
FNDA:0,createTripValidator
FNDA:0,bookSeatValidator
FNDA:0,userValidator
FNDA:0,checkValidator
FNDA:0,(anonymous_11)
DA:1,1
DA:9,0
DA:41,0
DA:47,0
DA:55,0
DA:60,0
DA:85,0
DA:92,1
DA:93,0
DA:94,0
DA:95,0
DA:96,0
DA:97,0
DA:98,0
DA:100,0
DA:103,0
LF:16
LH:2
BRDA:94,0,0,0
BRDA:94,0,1,0
BRDA:96,1,0,0
BRDA:96,1,1,0
BRDA:96,2,0,0
BRDA:96,2,1,0
BRF:6
BRH:0
end_of_record
TN:
SF:/Users/apple/Desktop/way-Farer/server/model/book.js
FNF:0
FNH:0
DA:2,1
LF:1
LH:1
BRF:0
BRH:0
end_of_record
TN:
SF:/Users/apple/Desktop/way-Farer/server/model/trip.js
FNF:0
FNH:0
DA:2,1
LF:1
LH:1
BRF:0
BRH:0
end_of_record
TN:
SF:/Users/apple/Desktop/way-Farer/server/model/users.js
FNF:0
FNH:0
DA:2,1
LF:1
LH:1
BRF:0
BRH:0
end_of_record
TN:
SF:/Users/apple/Desktop/way-Farer/server/routes/index.js
FNF:0
FNH:0
DA:1,1
DA:2,1
DA:4,1
DA:6,1
LF:4
LH:4
BRF:0
BRH:0
end_of_record
TN:
SF:/Users/apple/Desktop/way-Farer/server/routes/api/book.js
FNF:0
FNH:0
DA:1,1
DA:2,1
DA:3,1
DA:4,1
DA:5,1
DA:10,1
DA:12,1
DA:13,1
DA:14,1
DA:15,1
LF:10
LH:10
BRF:0
BRH:0
end_of_record
TN:
SF:/Users/apple/Desktop/way-Farer/server/routes/api/index.js
FNF:0
FNH:0
DA:1,1
DA:2,1
DA:3,1
DA:4,1
DA:7,1
DA:9,1
DA:10,1
DA:11,1
LF:8
LH:8
BRF:0
BRH:0
end_of_record
TN:
SF:/Users/apple/Desktop/way-Farer/server/routes/api/trip.js
FNF:0
FNH:0
DA:1,1
DA:2,1
DA:3,1
DA:4,1
DA:5,1
DA:10,1
DA:13,1
DA:14,1
DA:15,1
DA:16,1
DA:17,1
DA:18,1
LF:12
LH:12
BRF:0
BRH:0
end_of_record
TN:
SF:/Users/apple/Desktop/way-Farer/server/routes/api/user.js
FNF:0
FNH:0
DA:1,1
DA:2,1
DA:3,1
DA:4,1
DA:5,1
DA:9,1
DA:11,1
DA:13,1
DA:14,1
LF:9
LH:9
BRF:0
BRH:0
end_of_record
TN:
SF:/Users/apple/Desktop/way-Farer/server/way_fareDB/dbInit.js
FN:11,initDB
FNF:1
FNH:1
FNDA:1,initDB
DA:1,1
DA:2,1
DA:3,1
DA:5,1
DA:7,1
DA:8,1
DA:11,1
DA:13,1
DA:14,0
DA:15,0
DA:18,0
DA:19,0
DA:20,0
DA:22,0
DA:23,0
DA:24,0
DA:26,1
LF:17
LH:9
BRF:0
BRH:0
end_of_record
TN:
SF:/Users/apple/Desktop/way-Farer/server/way_fareDB/seeds.js
FN:28,usersTableSeeder
FN:44,tripsTableSeeder
FN:62,bookingsTableSeeder
FNF:3
FNH:0
FNDA:0,usersTableSeeder
FNDA:0,tripsTableSeeder
FNDA:0,bookingsTableSeeder
DA:1,1
DA:2,1
DA:3,1
DA:4,1
DA:6,1
DA:8,1
DA:14,1
DA:20,1
DA:28,1
DA:30,0
DA:32,0
DA:44,1
DA:46,0
DA:48,0
DA:62,1
DA:64,0
DA:66,0
LF:17
LH:11
BRDA:28,0,0,0
BRDA:28,0,1,0
BRDA:44,1,0,0
BRDA:44,1,1,0
BRDA:62,2,0,0
BRDA:62,2,1,0
BRF:6
BRH:0
end_of_record
TN:
SF:/Users/apple/Desktop/way-Farer/server/way_fareDB/tables.js
FNF:0
FNH:0
DA:3,1
DA:4,1
DA:5,1
DA:9,1
DA:20,1
DA:35,1
LF:6
LH:6
BRF:0
BRH:0
end_of_record
