TN:
SF:/Users/apple/Desktop/way-Farer/server/index.js
FN:19,(anonymous_1)
FN:24,(anonymous_2)
FNF:2
FNH:2
FNDA:1,(anonymous_1)
FNDA:1,(anonymous_2)
DA:1,1
DA:2,1
DA:3,1
DA:4,1
DA:5,1
DA:7,1
DA:9,1
DA:11,1
DA:12,1
DA:13,1
DA:14,1
DA:15,1
DA:18,1
DA:19,1
DA:24,1
LF:15
LH:15
BRDA:14,0,0,1
BRDA:14,0,1,1
BRF:2
BRH:2
end_of_record
TN:
SF:/Users/apple/Desktop/way-Farer/server/controllers/book.js
FN:21,bookSeat
FN:33,(anonymous_11)
FN:71,getAllBookings
FN:97,numberOfSeat
FN:122,deleteBooking
FNF:5
FNH:0
FNDA:0,bookSeat
FNDA:0,(anonymous_11)
FNDA:0,getAllBookings
FNDA:0,numberOfSeat
FNDA:0,deleteBooking
DA:1,1
DA:2,1
DA:3,1
DA:4,1
DA:5,1
DA:6,1
DA:7,1
DA:8,1
DA:13,1
DA:25,0
DA:33,0
DA:35,0
DA:37,0
DA:38,0
DA:39,0
DA:40,0
DA:41,0
DA:42,0
DA:45,0
DA:46,0
DA:47,0
DA:51,0
DA:72,0
DA:73,0
DA:74,0
DA:75,0
DA:76,0
DA:78,0
DA:87,0
DA:90,0
DA:91,0
DA:92,0
DA:94,0
DA:97,0
DA:98,0
DA:100,0
DA:102,0
DA:103,0
DA:105,0
DA:106,0
DA:107,0
DA:108,0
DA:109,0
DA:111,0
DA:114,0
DA:116,0
DA:122,0
DA:123,0
DA:125,0
DA:127,0
DA:128,0
DA:130,0
DA:131,0
DA:132,0
DA:133,0
DA:134,0
DA:135,0
DA:138,0
DA:140,0
DA:142,0
LF:60
LH:9
BRDA:35,0,0,0
BRDA:35,0,1,0
BRDA:41,1,0,0
BRDA:41,1,1,0
BRDA:46,2,0,0
BRDA:46,2,1,0
BRDA:91,3,0,0
BRDA:91,3,1,0
BRDA:103,4,0,0
BRDA:103,4,1,0
BRDA:105,5,0,0
BRDA:105,5,1,0
BRDA:109,6,0,0
BRDA:109,6,1,0
BRDA:128,7,0,0
BRDA:128,7,1,0
BRDA:130,8,0,0
BRDA:130,8,1,0
BRDA:132,9,0,0
BRDA:132,9,1,0
BRDA:134,10,0,0
BRDA:134,10,1,0
BRF:22
BRH:0
end_of_record
TN:
SF:/Users/apple/Desktop/way-Farer/server/controllers/trip.js
FN:15,trip
FN:57,getAllTrip
FN:74,getSpecificTrip
FN:93,filterTrips
FN:117,cancelTrip
FN:141,activeTrip
FNF:6
FNH:2
FNDA:0,trip
FNDA:1,getAllTrip
FNDA:2,getSpecificTrip
FNDA:0,filterTrips
FNDA:0,cancelTrip
FNDA:0,activeTrip
DA:2,1
DA:3,1
DA:4,1
DA:5,1
DA:15,0
DA:16,0
DA:27,0
DA:28,0
DA:29,0
DA:31,0
DA:32,0
DA:35,0
DA:41,0
DA:42,0
DA:44,0
DA:46,0
DA:47,0
DA:49,0
DA:51,0
DA:57,1
DA:58,1
DA:61,1
DA:62,1
DA:63,1
DA:65,0
DA:67,1
DA:69,0
DA:74,2
DA:75,2
DA:76,2
DA:78,2
DA:79,0
DA:82,2
DA:83,2
DA:85,1
DA:88,1
DA:93,0
DA:94,0
DA:95,0
DA:98,0
DA:99,0
DA:100,0
DA:101,0
DA:102,0
DA:103,0
DA:108,0
DA:110,0
DA:117,0
DA:118,0
DA:120,0
DA:122,0
DA:124,0
DA:125,0
DA:126,0
DA:127,0
DA:128,0
DA:131,0
DA:134,0
DA:141,0
DA:142,0
DA:144,0
DA:146,0
DA:148,0
DA:149,0
DA:150,0
DA:151,0
DA:152,0
DA:154,0
DA:157,0
LF:69
LH:18
BRDA:32,0,0,0
BRDA:32,0,1,0
BRDA:32,1,0,0
BRDA:32,1,1,0
BRDA:32,1,2,0
BRDA:32,1,3,0
BRDA:42,2,0,0
BRDA:42,2,1,0
BRDA:47,3,0,0
BRDA:47,3,1,0
BRDA:62,4,0,1
BRDA:62,4,1,0
BRDA:63,5,0,0
BRDA:63,5,1,1
BRDA:78,6,0,0
BRDA:78,6,1,2
BRDA:83,7,0,1
BRDA:83,7,1,1
BRDA:95,8,0,0
BRDA:95,8,1,0
BRDA:101,9,0,0
BRDA:101,9,1,0
BRDA:102,10,0,0
BRDA:102,10,1,0
BRDA:124,11,0,0
BRDA:124,11,1,0
BRDA:128,12,0,0
BRDA:128,12,1,0
BRDA:148,13,0,0
BRDA:148,13,1,0
BRDA:152,14,0,0
BRDA:152,14,1,0
BRF:32
BRH:5
end_of_record
TN:
SF:/Users/apple/Desktop/way-Farer/server/controllers/user.js
FN:17,registerUser
FN:49,login
FNF:2
FNH:2
FNDA:2,registerUser
FNDA:1,login
DA:1,1
DA:2,1
DA:3,1
DA:4,1
DA:5,1
DA:7,1
DA:9,1
DA:17,2
DA:19,2
DA:25,2
DA:28,2
DA:29,1
DA:33,1
DA:34,1
DA:36,0
DA:40,1
DA:41,1
DA:42,1
DA:43,1
DA:49,1
DA:52,1
DA:53,1
DA:57,1
DA:60,2
DA:63,1
DA:64,1
DA:65,1
DA:66,1
DA:77,0
LF:29
LH:27
BRDA:28,0,0,1
BRDA:28,0,1,1
BRDA:34,1,0,0
BRDA:34,1,1,1
BRDA:60,2,0,1
BRDA:60,2,1,0
BRDA:63,3,0,1
BRDA:63,3,1,0
BRF:8
BRH:5
end_of_record
TN:
SF:/Users/apple/Desktop/way-Farer/server/helpers/DbHelper.js
FN:18,query
FN:30,queryAll
FN:39,findAll
FN:48,findOne
FN:58,insert
FN:66,deleteItem
FN:75,buildInsert
FN:80,(anonymous_14)
FN:94,update
FN:105,buildUpdate
FN:107,(anonymous_17)
FNF:11
FNH:6
FNDA:21,query
FNDA:4,queryAll
FNDA:0,findAll
FNDA:5,findOne
FNDA:1,insert
FNDA:0,deleteItem
FNDA:1,buildInsert
FNDA:4,(anonymous_14)
FNDA:0,update
FNDA:0,buildUpdate
FNDA:0,(anonymous_17)
DA:1,1
DA:2,1
DA:3,1
DA:5,1
DA:8,1
DA:10,1
DA:11,1
DA:19,21
DA:20,21
DA:21,21
DA:22,16
DA:23,16
DA:25,5
DA:31,4
DA:32,4
DA:33,4
DA:35,0
DA:40,0
DA:41,0
DA:42,0
DA:44,0
DA:49,5
DA:50,5
DA:51,5
DA:53,0
DA:60,1
DA:61,1
DA:62,1
DA:67,0
DA:68,0
DA:69,0
DA:71,0
DA:76,1
DA:77,1
DA:78,1
DA:79,1
DA:80,1
DA:81,4
DA:82,4
DA:83,4
DA:85,1
DA:86,1
DA:90,0
DA:95,0
DA:97,0
DA:98,0
DA:99,0
DA:101,0
DA:106,0
DA:107,0
DA:108,0
DA:110,0
LF:52
LH:32
BRDA:31,0,0,4
BRDA:31,0,1,0
BRDA:40,1,0,0
BRDA:40,1,1,0
BRDA:40,2,0,0
BRDA:40,2,1,0
BRDA:40,2,2,0
BRDA:49,3,0,5
BRDA:49,3,1,0
BRDA:49,4,0,5
BRDA:49,4,1,5
BRDA:49,4,2,5
BRDA:67,5,0,0
BRDA:67,5,1,0
BRDA:67,6,0,0
BRDA:67,6,1,0
BRDA:67,6,2,0
BRDA:95,7,0,0
BRDA:95,7,1,0
BRDA:95,8,0,0
BRDA:95,8,1,0
BRDA:95,8,2,0
BRDA:95,8,3,0
BRF:23
BRH:5
end_of_record
TN:
SF:/Users/apple/Desktop/way-Farer/server/helpers/index.js
FN:19,generateToken
FN:26,jwtVerifiy
FN:33,verifyToken
FN:50,encryptPass
FN:53,checkPassword
FN:58,findQueryByDestination
FN:60,(anonymous_10)
FN:64,findQueryByOrigin
FN:65,(anonymous_12)
FN:69,findUserById
FN:78,findTripById
FN:90,makeUserAdmin
FN:111,invalidDataMessage
FNF:13
FNH:4
FNDA:2,generateToken
FNDA:0,jwtVerifiy
FNDA:10,verifyToken
FNDA:2,encryptPass
FNDA:1,checkPassword
FNDA:0,findQueryByDestination
FNDA:0,(anonymous_10)
FNDA:0,findQueryByOrigin
FNDA:0,(anonymous_12)
FNDA:0,findUserById
FNDA:0,findTripById
FNDA:0,makeUserAdmin
FNDA:0,invalidDataMessage
DA:1,1
DA:2,1
DA:3,1
DA:4,1
DA:5,1
DA:6,1
DA:7,1
DA:10,1
DA:19,1
DA:20,2
DA:21,2
DA:26,1
DA:27,0
DA:28,0
DA:33,1
DA:34,10
DA:35,10
DA:36,6
DA:37,6
DA:38,6
DA:39,6
DA:40,6
DA:43,4
DA:50,3
DA:53,1
DA:54,1
DA:58,1
DA:60,0
DA:61,0
DA:64,1
DA:65,0
DA:66,0
DA:69,1
DA:70,0
DA:71,0
DA:72,0
DA:73,0
DA:76,0
DA:78,1
DA:80,0
DA:82,0
DA:83,0
DA:84,0
DA:87,0
DA:90,1
DA:91,0
DA:93,0
DA:95,0
DA:97,0
DA:98,0
DA:99,0
DA:100,0
DA:101,0
DA:103,0
DA:104,0
DA:107,0
DA:111,1
DA:112,0
DA:113,0
DA:114,0
DA:116,0
LF:61
LH:30
BRDA:35,0,0,10
BRDA:35,0,1,0
BRDA:36,1,0,0
BRDA:36,1,1,6
BRDA:39,2,0,0
BRDA:39,2,1,6
BRDA:72,3,0,0
BRDA:72,3,1,0
BRDA:83,4,0,0
BRDA:83,4,1,0
BRDA:97,5,0,0
BRDA:97,5,1,0
BRDA:101,6,0,0
BRDA:101,6,1,0
BRF:14
BRH:3
end_of_record
TN:
SF:/Users/apple/Desktop/way-Farer/server/helpers/responseHandle.js
FN:2,response
FNF:1
FNH:1
FNDA:2,response
DA:2,2
DA:3,2
DA:4,1
DA:10,1
DA:11,0
DA:17,1
LF:6
LH:5
BRDA:2,0,0,1
BRDA:2,0,1,1
BRDA:2,1,0,4
BRDA:2,1,1,1
BRDA:2,2,0,0
BRDA:2,2,1,2
BRDA:3,3,0,1
BRDA:3,3,1,1
BRDA:10,4,0,0
BRDA:10,4,1,1
BRF:10
BRH:8
end_of_record
TN:
SF:/Users/apple/Desktop/way-Farer/server/middleware/is_admin.js
FN:8,isAdmin
FN:19,(anonymous_2)
FNF:2
FNH:2
FNDA:3,isAdmin
FNDA:21,(anonymous_2)
DA:1,1
DA:2,1
DA:3,1
DA:5,1
DA:8,1
DA:9,3
DA:10,3
DA:11,3
DA:12,3
DA:14,3
DA:15,3
DA:16,0
DA:18,3
DA:19,3
DA:20,21
DA:21,0
DA:22,0
DA:24,0
DA:33,0
DA:36,3
LF:20
LH:15
BRDA:10,0,0,3
BRDA:10,0,1,0
BRDA:15,1,0,0
BRDA:15,1,1,3
BRDA:20,2,0,0
BRDA:20,2,1,21
BRDA:21,3,0,0
BRDA:21,3,1,0
BRF:8
BRH:3
end_of_record
TN:
SF:/Users/apple/Desktop/way-Farer/server/middleware/validation.js
FN:8,createTripValidator
FN:46,bookSeatValidator
FN:61,userValidator
FN:94,checkValidator
FN:99,(anonymous_11)
FNF:5
FNH:3
FNDA:0,createTripValidator
FNDA:0,bookSeatValidator
FNDA:3,userValidator
FNDA:3,checkValidator
FNDA:1,(anonymous_11)
DA:1,1
DA:9,0
DA:41,0
DA:47,0
DA:57,0
DA:62,3
DA:87,3
DA:94,3
DA:95,3
DA:96,3
DA:97,1
DA:98,1
DA:99,1
DA:100,1
DA:102,1
DA:105,2
LF:16
LH:12
BRDA:96,0,0,1
BRDA:96,0,1,2
BRDA:98,1,0,1
BRDA:98,1,1,0
BRDA:98,2,0,0
BRDA:98,2,1,1
BRF:6
BRH:4
end_of_record
TN:
SF:/Users/apple/Desktop/way-Farer/server/model/book.js
FNF:0
FNH:0
DA:2,1
LF:1
LH:1
BRF:0
BRH:0
end_of_record
TN:
SF:/Users/apple/Desktop/way-Farer/server/model/trip.js
FNF:0
FNH:0
DA:2,1
LF:1
LH:1
BRF:0
BRH:0
end_of_record
TN:
SF:/Users/apple/Desktop/way-Farer/server/model/users.js
FNF:0
FNH:0
DA:2,1
LF:1
LH:1
BRF:0
BRH:0
end_of_record
TN:
SF:/Users/apple/Desktop/way-Farer/server/routes/index.js
FNF:0
FNH:0
DA:1,1
DA:2,1
DA:4,1
DA:6,1
LF:4
LH:4
BRF:0
BRH:0
end_of_record
TN:
SF:/Users/apple/Desktop/way-Farer/server/routes/api/book.js
FNF:0
FNH:0
DA:1,1
DA:2,1
DA:3,1
DA:4,1
DA:5,1
DA:10,1
DA:12,1
DA:13,1
DA:14,1
DA:15,1
LF:10
LH:10
BRF:0
BRH:0
end_of_record
TN:
SF:/Users/apple/Desktop/way-Farer/server/routes/api/index.js
FNF:0
FNH:0
DA:1,1
DA:2,1
DA:3,1
DA:4,1
DA:7,1
DA:9,1
DA:10,1
DA:11,1
LF:8
LH:8
BRF:0
BRH:0
end_of_record
TN:
SF:/Users/apple/Desktop/way-Farer/server/routes/api/trip.js
FNF:0
FNH:0
DA:1,1
DA:2,1
DA:3,1
DA:4,1
DA:5,1
DA:10,1
DA:13,1
DA:14,1
DA:15,1
DA:16,1
DA:17,1
DA:18,1
LF:12
LH:12
BRF:0
BRH:0
end_of_record
TN:
SF:/Users/apple/Desktop/way-Farer/server/routes/api/user.js
FNF:0
FNH:0
DA:1,1
DA:2,1
DA:3,1
DA:4,1
DA:5,1
DA:9,1
DA:11,1
DA:13,1
DA:14,1
LF:9
LH:9
BRF:0
BRH:0
end_of_record
TN:
SF:/Users/apple/Desktop/way-Farer/server/way_fareDB/dbInit.js
FN:11,initDB
FNF:1
FNH:1
FNDA:1,initDB
DA:1,1
DA:2,1
DA:3,1
DA:5,1
DA:7,1
DA:8,1
DA:11,1
DA:13,1
DA:14,1
DA:15,1
DA:18,1
DA:19,1
DA:20,1
DA:22,1
DA:23,1
DA:24,1
DA:26,1
LF:17
LH:17
BRF:0
BRH:0
end_of_record
TN:
SF:/Users/apple/Desktop/way-Farer/server/way_fareDB/seeds.js
FN:28,usersTableSeeder
FN:44,tripsTableSeeder
FN:62,bookingsTableSeeder
FNF:3
FNH:3
FNDA:1,usersTableSeeder
FNDA:1,tripsTableSeeder
FNDA:1,bookingsTableSeeder
DA:1,1
DA:2,1
DA:3,1
DA:4,1
DA:6,1
DA:8,1
DA:14,1
DA:20,1
DA:28,7
DA:30,2
DA:32,2
DA:44,7
DA:46,2
DA:48,2
DA:62,7
DA:64,1
DA:66,1
LF:17
LH:17
BRDA:28,0,0,1
BRDA:28,0,1,2
BRDA:44,1,0,1
BRDA:44,1,1,2
BRDA:62,2,0,1
BRDA:62,2,1,2
BRF:6
BRH:6
end_of_record
TN:
SF:/Users/apple/Desktop/way-Farer/server/way_fareDB/tables.js
FNF:0
FNH:0
DA:3,1
DA:4,1
DA:5,1
DA:9,1
DA:20,1
DA:35,1
LF:6
LH:6
BRF:0
BRH:0
end_of_record
